
 Ansys Mechanical Enterprise Academic Research     


 *------------------------------------------------------------------*
 |                                                                  |
 |   W E L C O M E   T O   T H E   A N S Y S (R)  P R O G R A M     |
 |                                                                  |
 *------------------------------------------------------------------*




 ***************************************************************
 *         ANSYS MAPDL 2023 R1          LEGAL NOTICES          *
 ***************************************************************
 *                                                             *
 * Copyright 1971-2023 Ansys, Inc.  All rights reserved.       *
 * Unauthorized use, distribution or duplication is            *
 * prohibited.                                                 *
 *                                                             *
 * Ansys is a registered trademark of Ansys, Inc. or its       *
 * subsidiaries in the United States or other countries.       *
 * See the Ansys, Inc. online documentation or the Ansys, Inc. *
 * documentation CD or online help for the complete Legal      *
 * Notice.                                                     *
 *                                                             *
 ***************************************************************
 *                                                             *
 * THIS ANSYS SOFTWARE PRODUCT AND PROGRAM DOCUMENTATION       *
 * INCLUDE TRADE SECRETS AND CONFIDENTIAL AND PROPRIETARY      *
 * PRODUCTS OF ANSYS, INC., ITS SUBSIDIARIES, OR LICENSORS.    *
 * The software products and documentation are furnished by    *
 * Ansys, Inc. or its subsidiaries under a software license    *
 * agreement that contains provisions concerning               *
 * non-disclosure, copying, length and nature of use,          *
 * compliance with exporting laws, warranties, disclaimers,    *
 * limitations of liability, and remedies, and other           *
 * provisions.  The software products and documentation may be *
 * used, disclosed, transferred, or copied only in accordance  *
 * with the terms and conditions of that software license      *
 * agreement.                                                  *
 *                                                             *
 * Ansys, Inc. is a UL registered                              *
 * ISO 9001:2015 company.                                      *
 *                                                             *
 ***************************************************************
 *                                                             *
 * This product is subject to U.S. laws governing export and   *
 * re-export.                                                  *
 *                                                             *
 * For U.S. Government users, except as specifically granted   *
 * by the Ansys, Inc. software license agreement, the use,     *
 * duplication, or disclosure by the United States Government  *
 * is subject to restrictions stated in the Ansys, Inc.        *
 * software license agreement and FAR 12.212 (for non-DOD      *
 * licenses).                                                  *
 *                                                             *
 ***************************************************************

 2023 R1 
     
 Point Releases and Patches installed:   
     
 ANSYS, Inc. License Manager 2023 R1 
 Discovery 2023 R1   
 SpaceClaim 2023 R1  
 Ansys Sherlock 2023 R1  
 Autodyn 2023 R1 
 LS-DYNA 2023 R1 
 CFD-Post only 2023 R1   
 CFX (includes CFD-Post) 2023 R1 
 Chemkin 2023 R1 
 EnSight 2023 R1 
 FENSAP-ICE 2023 R1  
 Fluent (includes CFD-Post) 2023 R1  
 Polyflow (includes CFD-Post) 2023 R1
 Forte (includes EnSight) 2023 R1
 TurboGrid 2023 R1   
 ICEM CFD 2023 R1
 Motion 2023 R1  
 Aqwa 2023 R1
 Speos 2023 R1   
 Speos HPC 2023 R1   
 Speos for NX 2023 R1
 optiSLang 2023 R1   
 Additive 2023 R1
 Customization Files for User Programmable Features 2023 R1  
 Mechanical Products 2023 R1 
 Material Calibration App 2023 R1
 Icepak (includes CFD-Post) 2023 R1  
 Remote Solve Manager Standalone Services 2023 R1
 Ansys Sound - SAS 2023 R1   
 Viewer 2023 R1  
 ACIS Geometry Interface 2023 R1 
 AutoCAD Geometry Interface 2023 R1  
 Catia, Version 4 Geometry Interface 2023 R1 
 Catia, Version 5 Geometry Interface 2023 R1 
 Catia, Version 6 Geometry Interface 2023 R1 
 Creo Elements/Direct Modeling Geometry Interface 2023 R1
 Creo Parametric Geometry Interface 2023 R1  
 Inventor Geometry Interface 2023 R1 
 JTOpen Geometry Interface 2023 R1   
 NX Geometry Interface 2023 R1   
 Parasolid Geometry Interface  2023 R1   
 Solid Edge Geometry Interface 2023 R1   
 SOLIDWORKS Geometry Interface 2023 R1   


          *****  MAPDL COMMAND LINE ARGUMENTS  *****
  BATCH MODE REQUESTED (-b)    = NOLIST
  INPUT FILE COPY MODE (-c)    = COPY
  DISTRIBUTED MEMORY PARALLEL REQUESTED
       4 PARALLEL PROCESSES REQUESTED WITH SINGLE THREAD PER PROCESS
    TOTAL OF     4 CORES REQUESTED
  INPUT FILE NAME              = C:\Users\greenac\Documents\Project-Crumple-Zone\Simulations & Analysis\_ProjectScratch\ScrE2E9\dummy.dat
  OUTPUT FILE NAME             = C:\Users\greenac\Documents\Project-Crumple-Zone\Simulations & Analysis\_ProjectScratch\ScrE2E9\solve.out
  START-UP FILE MODE           = NOREAD
  STOP FILE MODE               = NOREAD

 RELEASE= 2023 R1              BUILD= 23.1      UP20221128   VERSION=WINDOWS x64 
 CURRENT JOBNAME=file0  13:31:26  MAR 13, 2024 CP=      0.078


 PARAMETER _DS_PROGRESS =     999.0000000    

 /INPUT FILE= ds.dat  LINE=       0



 *** NOTE ***                            CP =       0.234   TIME= 13:31:26
 The /CONFIG,NOELDB command is not valid in a distributed memory         
 parallel solution.  Command is ignored.                                 

 *GET  _WALLSTRT  FROM  ACTI  ITEM=TIME WALL  VALUE=  13.5238889    

 TITLE= 
 bottom bulkhead eyebolt stress--Static Structural (A5)                        

  ACT Extensions:
      LSDYNA, 2023.1
      5f463412-bd3e-484b-87e7-cbc0a665e474, wbex
 /COM,     ANSYSMotion, 2023.1
      20180725-3f81-49eb-9f31-41364844c769, wbex
  

 SET PARAMETER DIMENSIONS ON  _WB_PROJECTSCRATCH_DIR
  TYPE=STRI  DIMENSIONS=      248        1        1

 PARAMETER _WB_PROJECTSCRATCH_DIR(1) = C:\Users\greenac\Documents\Project-Crumple-Zone\Simulations & Analysis\_ProjectScratch\ScrE2E9\

 SET PARAMETER DIMENSIONS ON  _WB_SOLVERFILES_DIR
  TYPE=STRI  DIMENSIONS=      248        1        1

 PARAMETER _WB_SOLVERFILES_DIR(1) = C:\Users\greenac\Documents\Project-Crumple-Zone\Simulations & Analysis\bottom bulkhead eyebolt stress_files\dp0\SYS\MECH\

 SET PARAMETER DIMENSIONS ON  _WB_USERFILES_DIR
  TYPE=STRI  DIMENSIONS=      248        1        1

 PARAMETER _WB_USERFILES_DIR(1) = C:\Users\greenac\Documents\Project-Crumple-Zone\Simulations & Analysis\bottom bulkhead eyebolt stress_files\user_files\
 --- Data in consistent MKS units. See Solving Units in the help system for more

 MKS UNITS SPECIFIED FOR INTERNAL    
  LENGTH        (l)  = METER (M)
  MASS          (M)  = KILOGRAM (KG)
  TIME          (t)  = SECOND (SEC)
  TEMPERATURE   (T)  = CELSIUS (C)
  TOFFSET            = 273.0
  CHARGE        (Q)  = COULOMB
  FORCE         (f)  = NEWTON (N) (KG-M/SEC2)
  HEAT               = JOULE (N-M)

  PRESSURE           = PASCAL (NEWTON/M**2)
  ENERGY        (W)  = JOULE (N-M)
  POWER         (P)  = WATT (N-M/SEC)
  CURRENT       (i)  = AMPERE (COULOMBS/SEC)
  CAPACITANCE   (C)  = FARAD
  INDUCTANCE    (L)  = HENRY
  MAGNETIC FLUX      = WEBER
  RESISTANCE    (R)  = OHM
  ELECTRIC POTENTIAL = VOLT

 INPUT  UNITS ARE ALSO SET TO MKS 

 *** MAPDL - ENGINEERING ANALYSIS SYSTEM  RELEASE 2023 R1          23.1     ***
 Ansys Mechanical Enterprise Academic Research     
 00202440  VERSION=WINDOWS x64   13:31:26  MAR 13, 2024 CP=      0.266

 bottom bulkhead eyebolt stress--Static Structural (A5)                        



          ***** MAPDL ANALYSIS DEFINITION (PREP7) *****
 *********** Nodes for the whole assembly ***********
 *********** Elements for Body 1 "SYS\Bulkhead" ***********
 *********** Send User Defined Coordinate System(s) ***********
 *********** Set Reference Temperature ***********
 *********** Send Materials ***********
 *********** Fixed Supports ***********
 *********** Define Force Using Surface Effect Elements ***********


 ***** ROUTINE COMPLETED *****  CP =         0.828


 --- Number of total nodes = 37846
 --- Number of contact elements = 20
 --- Number of spring elements = 0
 --- Number of bearing elements = 0
 --- Number of solid elements = 6630
 --- Number of condensed parts = 0
 --- Number of total elements = 6650

 *GET  _WALLBSOL  FROM  ACTI  ITEM=TIME WALL  VALUE=  13.5238889    
 ****************************************************************************
 *************************    SOLUTION       ********************************
 ****************************************************************************

 *****  MAPDL SOLUTION ROUTINE  *****


 PERFORM A STATIC ANALYSIS
  THIS WILL BE A NEW ANALYSIS

 PARAMETER _THICKRATIO =     0.000000000    

 USE SPARSE MATRIX DIRECT SOLVER

 CONTACT INFORMATION PRINTOUT LEVEL       1

 DO NOT COMBINE ELEMENT MATRIX FILES (.emat) AFTER DISTRIBUTED PARALLEL SOLUTION

 DO NOT COMBINE ELEMENT SAVE DATA FILES (.esav) AFTER DISTRIBUTED PARALLEL SOLUTION

 NLDIAG: Nonlinear diagnostics CONT option is set to ON. 
         Writing frequency : each ITERATION.

 DO NOT SAVE ANY RESTART FILES AT ALL
 ****************************************************
 ******************* SOLVE FOR LS 1 OF 1 ****************

 SELECT       FOR ITEM=TYPE COMPONENT=    
  IN RANGE         2 TO          2 STEP          1

         20  ELEMENTS (OF       6650  DEFINED) SELECTED BY  ESEL  COMMAND.

 SELECT      ALL NODES HAVING ANY ELEMENT IN ELEMENT SET.

         80 NODES (OF      37846  DEFINED) SELECTED FROM
       20 SELECTED ELEMENTS BY NSLE COMMAND.

 SPECIFIED SURFACE LOAD PRES FOR ALL SELECTED ELEMENTS  LKEY =  1   KVAL = 1
     VALUES =     0.0000         0.0000         0.0000         0.0000    

 SPECIFIED SURFACE LOAD PRES FOR ALL SELECTED ELEMENTS  LKEY =  2   KVAL = 1
     VALUES =   -0.53060E+07   -0.53060E+07   -0.53060E+07   -0.53060E+07

 SPECIFIED SURFACE LOAD PRES FOR ALL SELECTED ELEMENTS  LKEY =  3   KVAL = 1
     VALUES =     0.0000         0.0000         0.0000         0.0000    

 ALL SELECT   FOR ITEM=NODE COMPONENT=    
  IN RANGE         1 TO      37846 STEP          1

      37846  NODES (OF      37846  DEFINED) SELECTED BY NSEL  COMMAND.

 ALL SELECT   FOR ITEM=ELEM COMPONENT=    
  IN RANGE         1 TO      14012 STEP          1

       6650  ELEMENTS (OF       6650  DEFINED) SELECTED BY  ESEL  COMMAND.

 PRINTOUT RESUMED BY /GOP

 USE       1 SUBSTEPS INITIALLY THIS LOAD STEP FOR ALL  DEGREES OF FREEDOM
 FOR AUTOMATIC TIME STEPPING:
   USE      1 SUBSTEPS AS A MAXIMUM
   USE      1 SUBSTEPS AS A MINIMUM

 TIME=  1.0000    

 ERASE THE CURRENT DATABASE OUTPUT CONTROL TABLE.


 WRITE ALL  ITEMS TO THE DATABASE WITH A FREQUENCY OF NONE
   FOR ALL APPLICABLE ENTITIES

 WRITE NSOL ITEMS TO THE DATABASE WITH A FREQUENCY OF ALL 
   FOR ALL APPLICABLE ENTITIES

 WRITE RSOL ITEMS TO THE DATABASE WITH A FREQUENCY OF ALL 
   FOR ALL APPLICABLE ENTITIES

 WRITE EANG ITEMS TO THE DATABASE WITH A FREQUENCY OF ALL 
   FOR ALL APPLICABLE ENTITIES

 WRITE ETMP ITEMS TO THE DATABASE WITH A FREQUENCY OF ALL 
   FOR ALL APPLICABLE ENTITIES

 WRITE VENG ITEMS TO THE DATABASE WITH A FREQUENCY OF ALL 
   FOR ALL APPLICABLE ENTITIES

 WRITE STRS ITEMS TO THE DATABASE WITH A FREQUENCY OF ALL 
   FOR ALL APPLICABLE ENTITIES

 WRITE EPEL ITEMS TO THE DATABASE WITH A FREQUENCY OF ALL 
   FOR ALL APPLICABLE ENTITIES

 WRITE EPPL ITEMS TO THE DATABASE WITH A FREQUENCY OF ALL 
   FOR ALL APPLICABLE ENTITIES

 WRITE CONT ITEMS TO THE DATABASE WITH A FREQUENCY OF ALL 
   FOR ALL APPLICABLE ENTITIES

 *GET  ANSINTER_  FROM  ACTI  ITEM=INT        VALUE=  0.00000000    

 *IF  ANSINTER_                         ( =   0.00000     )  NE  
      0                                 ( =   0.00000     )  THEN    

 *ENDIF

 *** NOTE ***                            CP =       0.953   TIME= 13:31:26
 The automatic domain decomposition logic has selected the MESH domain   
 decomposition method with 4 processes per solution.                     

 *****  MAPDL SOLVE    COMMAND  *****

 *** WARNING ***                         CP =       0.953   TIME= 13:31:26
 Element shape checking is currently inactive.  Issue SHPP,ON or         
 SHPP,WARN to reactivate, if desired.                                    

 *** NOTE ***                            CP =       1.078   TIME= 13:31:26
 The model data was checked and warning messages were found.             
  Please review output or errors file (                                  
 C:\Users\greenac\Documents\Project-Crumple-Zone\Simulations &           
 Analysis\_ProjectScratch\ScrE2E9\file0.err ) for these warning          
 messages.                                                               

 *** SELECTION OF ELEMENT TECHNOLOGIES FOR APPLICABLE ELEMENTS ***
      --- GIVE SUGGESTIONS AND RESET THE KEY OPTIONS ---

 ELEMENT TYPE         1 IS SOLID186. KEYOPT(2)=0 IS SUGGESTED AND HAS BEEN RESET.
  KEYOPT(1-12)=    0    0    0    0    0    0    0    0    0    0    0    0



 *** MAPDL - ENGINEERING ANALYSIS SYSTEM  RELEASE 2023 R1          23.1     ***
 Ansys Mechanical Enterprise Academic Research     
 00202440  VERSION=WINDOWS x64   13:31:26  MAR 13, 2024 CP=      1.078

 bottom bulkhead eyebolt stress--Static Structural (A5)                        



                       S O L U T I O N   O P T I O N S

   PROBLEM DIMENSIONALITY. . . . . . . . . . . . .3-D                  
   DEGREES OF FREEDOM. . . . . . UX   UY   UZ  
   ANALYSIS TYPE . . . . . . . . . . . . . . . . .STATIC (STEADY-STATE)
   OFFSET TEMPERATURE FROM ABSOLUTE ZERO . . . . .  273.15    
   EQUATION SOLVER OPTION. . . . . . . . . . . . .SPARSE             
   GLOBALLY ASSEMBLED MATRIX . . . . . . . . . . .SYMMETRIC  

 *** WARNING ***                         CP =       1.078   TIME= 13:31:26
 Material number 2 (used by element 13993) should normally have at least 
 one MP or one TB type command associated with it.  Output of energy by  
 material may not be available.                                          

 *** NOTE ***                            CP =       1.078   TIME= 13:31:26
 The step data was checked and warning messages were found.              
  Please review output or errors file (                                  
 C:\Users\greenac\Documents\Project-Crumple-Zone\Simulations &           
 Analysis\_ProjectScratch\ScrE2E9\file0.err ) for these warning          
 messages.                                                               

 *** NOTE ***                            CP =       1.078   TIME= 13:31:26
 The conditions for direct assembly have been met.  No .emat or .erot    
 files will be produced.                                                 

  
  
     D I S T R I B U T E D   D O M A I N   D E C O M P O S E R
  
  ...Number of elements: 6650
  ...Number of nodes:    37846
  ...Decompose to 4 CPU domains
  ...Element load balance ratio =     1.010


                      L O A D   S T E P   O P T I O N S

   LOAD STEP NUMBER. . . . . . . . . . . . . . . .     1
   TIME AT END OF THE LOAD STEP. . . . . . . . . .  1.0000    
   NUMBER OF SUBSTEPS. . . . . . . . . . . . . . .     1
   STEP CHANGE BOUNDARY CONDITIONS . . . . . . . .    NO
   PRINT OUTPUT CONTROLS . . . . . . . . . . . . .NO PRINTOUT
   DATABASE OUTPUT CONTROLS
      ITEM     FREQUENCY   COMPONENT
       ALL       NONE               
      NSOL        ALL               
      RSOL        ALL               
      EANG        ALL               
      ETMP        ALL               
      VENG        ALL               
      STRS        ALL               
      EPEL        ALL               
      EPPL        ALL               
      CONT        ALL               


 SOLUTION MONITORING INFO IS WRITTEN TO FILE= file.mntr                                                                                                                                                                                                                                                           



                         ***********  PRECISE MASS SUMMARY  ***********

   TOTAL RIGID BODY MASS MATRIX ABOUT ORIGIN
               Translational mass               |   Coupled translational/rotational mass
        0.55097E-01    0.0000        0.0000     |     0.0000       0.36744E-05  -0.11423E-20
         0.0000       0.55097E-01    0.0000     |   -0.36744E-05    0.0000       0.36744E-05
         0.0000        0.0000       0.55097E-01 |    0.12697E-20  -0.36744E-05    0.0000    
     ------------------------------------------ | ------------------------------------------
                                                |         Rotational mass (inertia)
                                                |    0.56337E-04  -0.28079E-23   0.85740E-07
                                                |   -0.14863E-23   0.11259E-03   0.10167E-22
                                                |    0.85740E-07   0.13480E-22   0.56337E-04

   TOTAL MASS = 0.55097E-01
     The mass principal axes coincide with the global Cartesian axes

   CENTER OF MASS (X,Y,Z)=   0.66689E-04   0.20733E-19   0.66689E-04

   TOTAL INERTIA ABOUT CENTER OF MASS
        0.56337E-04  -0.27232E-23   0.85985E-07
       -0.27232E-23   0.11259E-03   0.10243E-22
        0.85985E-07   0.10243E-22   0.56337E-04
     The inertia principal axes coincide with the global Cartesian axes


  *** MASS SUMMARY BY ELEMENT TYPE ***

  TYPE      MASS
     1  0.550970E-01

 Range of element maximum matrix coefficients in global coordinates
 Maximum = 88483982.4 at element 3199.                                   
 Minimum = 23090451.8 at element 6620.                                   

   *** ELEMENT MATRIX FORMULATION TIMES
     TYPE    NUMBER   ENAME      TOTAL CP  AVE CP

        1      6630  SOLID186      0.781   0.000118
        2        20  SURF154       0.000   0.000000
 Time at end of element matrix formulation CP = 1.921875.                

 DISTRIBUTED SPARSE MATRIX DIRECT SOLVER.
  Number of equations =      112482,    Maximum wavefront =    261

  Process memory allocated for solver              =   186.370 MB
  Process memory required for in-core solution     =   179.064 MB
  Process memory required for out-of-core solution =    92.067 MB

  Total memory allocated for solver                =   764.410 MB
  Total memory required for in-core solution       =   734.125 MB
  Total memory required for out-of-core solution   =   365.384 MB

 *** NOTE ***                            CP =       2.344   TIME= 13:31:27
 The Distributed Sparse Matrix Solver is currently running in the        
 in-core memory mode.  This memory mode uses the most amount of memory   
 in order to avoid using the hard drive as much as possible, which most  
 often results in the fastest solution time.  This mode is recommended   
 if enough physical memory is present to accommodate all of the solver   
 data.                                                                   
 curEqn=  27336  totEqn=  27336 Job CP sec=      3.109
      Factor Done= 100% Factor Wall sec=      0.523 rate=      14.7 GFlops
 Distributed sparse solver maximum pivot= 218797090 at node 10615 UZ.    
 Distributed sparse solver minimum pivot= 281187.307 at node 2351 UY.    
 Distributed sparse solver minimum pivot in absolute value= 281187.307   
 at node 2351 UY.                                                        

   *** ELEMENT RESULT CALCULATION TIMES
     TYPE    NUMBER   ENAME      TOTAL CP  AVE CP

        1      6630  SOLID186      0.469   0.000071
        2        20  SURF154       0.000   0.000000

   *** NODAL LOAD CALCULATION TIMES
     TYPE    NUMBER   ENAME      TOTAL CP  AVE CP

        1      6630  SOLID186      0.141   0.000021
        2        20  SURF154       0.000   0.000000
 *** LOAD STEP     1   SUBSTEP     1  COMPLETED.    CUM ITER =      1
 *** TIME =   1.00000         TIME INC =   1.00000      NEW TRIANG MATRIX


 *** MAPDL BINARY FILE STATISTICS
  BUFFER SIZE USED= 16384
       24.188 MB WRITTEN ON ASSEMBLED MATRIX FILE: file0.full
        2.562 MB WRITTEN ON RESULTS FILE: file0.rst
 *************** Write FE CONNECTORS *********

 WRITE OUT CONSTRAINT EQUATIONS TO FILE= file.ce                                                                                                                                                                                                                                                             
 ****************************************************
 *************** FINISHED SOLVE FOR LS 1 *************

 *GET  _WALLASOL  FROM  ACTI  ITEM=TIME WALL  VALUE=  13.5244444    

 PRINTOUT RESUMED BY /GOP

 FINISH SOLUTION PROCESSING


 ***** ROUTINE COMPLETED *****  CP =         3.516



 *** MAPDL - ENGINEERING ANALYSIS SYSTEM  RELEASE 2023 R1          23.1     ***
 Ansys Mechanical Enterprise Academic Research     
 00202440  VERSION=WINDOWS x64   13:31:28  MAR 13, 2024 CP=      3.516

 bottom bulkhead eyebolt stress--Static Structural (A5)                        



          ***** MAPDL RESULTS INTERPRETATION (POST1) *****

 *** NOTE ***                            CP =       3.516   TIME= 13:31:28
 Reading results into the database (SET command) will update the current 
 displacement and force boundary conditions in the database with the     
 values from the results file for that load set.  Note that any          
 subsequent solutions will use these values unless action is taken to    
 either SAVE the current values or not overwrite them (/EXIT,NOSAVE).    

 Set Encoding of XML File to:ISO-8859-1

 Set Output of XML File to:
     PARM,     ,     ,     ,     ,     ,     ,     ,     ,     ,     ,     ,
         ,     ,     ,     ,     ,     ,     ,

 DATABASE WRITTEN ON FILE  parm.xml                                                                                                                                                                                                                                                            

 EXIT THE MAPDL POST1 DATABASE PROCESSOR


 ***** ROUTINE COMPLETED *****  CP =         3.516



 PRINTOUT RESUMED BY /GOP

 *GET  _WALLDONE  FROM  ACTI  ITEM=TIME WALL  VALUE=  13.5244444    

 PARAMETER _PREPTIME =     0.000000000    

 PARAMETER _SOLVTIME =     2.000000000    

 PARAMETER _POSTTIME =     0.000000000    

 PARAMETER _TOTALTIM =     2.000000000    

 *GET  _DLBRATIO  FROM  ACTI  ITEM=SOLU DLBR  VALUE=  1.00962696    

 *GET  _COMBTIME  FROM  ACTI  ITEM=SOLU COMB  VALUE= 0.417556000E-01

 *GET  _SSMODE   FROM  ACTI  ITEM=SOLU SSMM  VALUE=  2.00000000    

 *GET  _NDOFS    FROM  ACTI  ITEM=SOLU NDOF  VALUE=  112482.000    

 *GET  _SOL_END_TIME  FROM  ACTI  ITEM=SET  TIME  VALUE=  1.00000000    

 *IF  _sol_end_time                     ( =   1.00000     )  EQ  
      1.000000                          ( =   1.00000     )  THEN    

 /FCLEAN COMMAND REMOVING ALL LOCAL FILES

 *ENDIF
 --- Total number of nodes = 37846
 --- Total number of elements = 6650
 --- Element load balance ratio = 1.00962696
 --- Time to combine distributed files = 4.17556E-02
 --- Sparse memory mode = 2
 --- Number of DOF = 112482

 EXIT MAPDL WITHOUT SAVING DATABASE


 NUMBER OF WARNING MESSAGES ENCOUNTERED=          2
 NUMBER OF ERROR   MESSAGES ENCOUNTERED=          0

+--------------------- M A P D L   S T A T I S T I C S ------------------------+

Release: 2023 R1            Build: 23.1       Update: UP20221128   Platform: WINDOWS x64 
Date Run: 03/13/2024   Time: 13:31     Process ID: 11872
Operating System: Windows 10  (Build: 19045)

Processor Model: Intel(R) Core(TM) i7-9750H CPU @ 2.60GHz

Compiler: Intel(R) Fortran Compiler Version 19.0.5  (Build: 20190815)
          Intel(R) C/C++ Compiler Version 19.0.5  (Build: 20190815)
          Intel(R) Math Kernel Library Version 2020.0.0 Product Build 20191125
          BLAS Library supplied by Intel(R) MKL

Number of machines requested            :    1
Total number of cores available         :   12
Number of physical cores available      :    6
Number of processes requested           :    4
Number of threads per process requested :    1
Total number of cores requested         :    4 (Distributed Memory Parallel)               
MPI Type: INTELMPI
MPI Version: Intel(R) MPI Library 2021.5 for Windows* OS


GPU Acceleration: Not Requested

Job Name: file0
Input File: dummy.dat

  Core                Machine Name   Working Directory
 -----------------------------------------------------
     0                AmarasLaptop   C:\Users\greenac\Documents\Project-Crumple-Zone\Simulations & Analysis\_ProjectScratch\ScrE2E9
     1                AmarasLaptop   C:\Users\greenac\Documents\Project-Crumple-Zone\Simulations & Analysis\_ProjectScratch\ScrE2E9
     2                AmarasLaptop   C:\Users\greenac\Documents\Project-Crumple-Zone\Simulations & Analysis\_ProjectScratch\ScrE2E9
     3                AmarasLaptop   C:\Users\greenac\Documents\Project-Crumple-Zone\Simulations & Analysis\_ProjectScratch\ScrE2E9
 
Latency time from master to core     1 =    7.492 microseconds
Latency time from master to core     2 =    8.564 microseconds
Latency time from master to core     3 =    8.189 microseconds
 
Communication speed from master to core     1 =  6833.81 MB/sec
Communication speed from master to core     2 =  7063.52 MB/sec
Communication speed from master to core     3 =  6977.94 MB/sec

Total CPU time for main thread                    :        2.8 seconds
Total CPU time summed for all threads             :        4.3 seconds

Elapsed time spent obtaining a license            :        0.4 seconds
Elapsed time spent pre-processing model (/PREP7)  :        0.1 seconds
Elapsed time spent solution - preprocessing       :        0.1 seconds
Elapsed time spent computing solution             :        1.7 seconds
Elapsed time spent solution - postprocessing      :        0.0 seconds
Elapsed time spent post-processing model (/POST1) :        0.0 seconds
 
Equation solver used                              :            Sparse (symmetric)
Equation solver computational rate                :       60.9 Gflops

Sum of memory used on all processes               :      944.0 MB
Sum of memory allocated on all processes          :     5184.0 MB
Physical memory available                         :         16 GB

Total amount of I/O written to disk               :        0.0 GB
Total amount of I/O read from disk                :        0.0 GB

+------------------ E N D   M A P D L   S T A T I S T I C S -------------------+


 *-----------------------------------------------------------------------------*
 |                                                                             |
 |                               RUN COMPLETED                                 |
 |                                                                             |
 |-----------------------------------------------------------------------------|
 |                                                                             |
 |  Ansys MAPDL 2023 R1         Build 23.1         UP20221128    WINDOWS x64   |
 |                                                                             |
 |-----------------------------------------------------------------------------|
 |                                                                             |
 |  Database Requested(-db)     1024 MB     Scratch Memory Requested   1024 MB |
 |  Max Database Used(Master)     19 MB     Max Scratch Used(Master)    232 MB |
 |  Max Database Used(Workers)     1 MB     Max Scratch Used(Workers)   240 MB |
 |  Sum Database Used(All)        22 MB     Sum Scratch Used(All)       922 MB |
 |                                                                             |
 |-----------------------------------------------------------------------------|
 |                                                                             |
 |        CP Time      (sec) =          4.281       Time  =  13:31:28          |
 |        Elapsed Time (sec) =          4.000       Date  =  03/13/2024        |
 |                                                                             |
 *-----------------------------------------------------------------------------*
